<?xml version="1.0" encoding="UTF-8"?>
<testsuite name="com.distributed.ratelimiter.service.RateLimiterServiceApplicationTests" tests="1" skipped="0" failures="0" errors="0" timestamp="2026-05-27T04:57:32.424Z" hostname="Edineis-MacBook-Air.local" time="5.008">
  <properties/>
  <testcase name="contextLoads()" classname="com.distributed.ratelimiter.service.RateLimiterServiceApplicationTests" time="1.266"/>
  <system-out><![CDATA[01:57:32.777 [Test worker] INFO org.springframework.test.context.support.AnnotationConfigContextLoaderUtils -- Could not detect default configuration classes for test class [com.distributed.ratelimiter.service.RateLimiterServiceApplicationTests]: RateLimiterServiceApplicationTests does not declare any static, non-private, non-final, nested classes annotated with @Configuration.
01:57:32.913 [Test worker] INFO org.springframework.boot.test.context.SpringBootTestContextBootstrapper -- Found @SpringBootConfiguration com.distributed.ratelimiter.service.RateLimiterServiceApplication for test class com.distributed.ratelimiter.service.RateLimiterServiceApplicationTests
01:57:32.992 [Test worker] INFO org.springframework.test.context.support.AnnotationConfigContextLoaderUtils -- Could not detect default configuration classes for test class [com.distributed.ratelimiter.service.RateLimiterServiceApplicationTests]: RateLimiterServiceApplicationTests does not declare any static, non-private, non-final, nested classes annotated with @Configuration.
01:57:32.995 [Test worker] INFO org.springframework.boot.test.context.SpringBootTestContextBootstrapper -- Found @SpringBootConfiguration com.distributed.ratelimiter.service.RateLimiterServiceApplication for test class com.distributed.ratelimiter.service.RateLimiterServiceApplicationTests

  .   ____          _            __ _ _
 /\\ / ___'_ __ _ _(_)_ __  __ _ \ \ \ \
( ( )\___ | '_ | '_| | '_ \/ _` | \ \ \ \
 \\/  ___)| |_)| | | | | || (_| |  ) ) ) )
  '  |____| .__|_| |_|_| |_\__, | / / / /
 =========|_|==============|___/=/_/_/_/

 :: Spring Boot ::                (v4.0.6)

2026-05-27T01:57:33.478-03:00  INFO 58532 --- [service] [    Test worker] d.r.s.RateLimiterServiceApplicationTests : Starting RateLimiterServiceApplicationTests using Java 21.0.5 with PID 58532 (started by edineigoncalves in /Users/edineigoncalves/My_Area/codeup/distributed-rate-limiter/distributed-rate-limiter-service)
2026-05-27T01:57:33.480-03:00  INFO 58532 --- [service] [    Test worker] d.r.s.RateLimiterServiceApplicationTests : No active profile set, falling back to 1 default profile: "default"
2026-05-27T01:57:35.698-03:00  INFO 58532 --- [service] [    Test worker] o.s.b.a.e.web.EndpointLinksResolver      : Exposing 1 endpoint beneath base path '/actuator'
2026-05-27T01:57:35.778-03:00  INFO 58532 --- [service] [    Test worker] d.r.s.RateLimiterServiceApplicationTests : Started RateLimiterServiceApplicationTests in 2.712 seconds (process running for 4.89)
]]></system-out>
  <system-err><![CDATA[Mockito is currently self-attaching to enable the inline-mock-maker. This will no longer work in future releases of the JDK. Please add Mockito as an agent to your build as described in Mockito's documentation: https://javadoc.io/doc/org.mockito/mockito-core/latest/org.mockito/org/mockito/Mockito.html#0.3
WARNING: A Java agent has been loaded dynamically (/Users/edineigoncalves/.gradle/caches/modules-2/files-2.1/net.bytebuddy/byte-buddy-agent/1.17.8/f09415827a71be7ed621c7bd02550678f28bc81c/byte-buddy-agent-1.17.8.jar)
WARNING: If a serviceability tool is in use, please run with -XX:+EnableDynamicAgentLoading to hide this warning
WARNING: If a serviceability tool is not in use, please run with -Djdk.instrument.traceUsage for more information
WARNING: Dynamic loading of agents will be disallowed by default in a future release
]]></system-err>
</testsuite>
